13/Mar/2021:15:54:23 243 [Calculator.java] [ERROR] Calculator Factorial of -ve no is not possible!
13/Mar/2021:15:54:23 246 [Calculator.java] [INFO] Calculator [power] - 4,2
13/Mar/2021:15:54:23 248 [Calculator.java] [INFO] Calculator [Result - log] - 16.0
13/Mar/2021:15:54:23 251 [Calculator.java] [ERROR] Calculator Log of -ve no. is not possible!
13/Mar/2021:15:54:23 252 [Calculator.java] [ERROR] Calculator SQRT of -ve no. is not possible!
13/Mar/2021:15:54:23 253 [Calculator.java] [INFO] Calculator [Fact] - 5
13/Mar/2021:15:54:23 253 [Calculator.java] [INFO] Calculator [RESULT - Fact] - 120
13/Mar/2021:15:54:23 254 [Calculator.java] [INFO] Calculator [Fact] - 6
13/Mar/2021:15:54:23 254 [Calculator.java] [INFO] Calculator [RESULT - Fact] - 720
13/Mar/2021:15:54:23 255 [Calculator.java] [INFO] Calculator [SQRT] - 16
13/Mar/2021:15:54:23 255 [Calculator.java] [INFO] Calculator [Result - SQRT] - 4.0
13/Mar/2021:15:54:23 256 [Calculator.java] [INFO] Calculator [Log] - 2
13/Mar/2021:15:54:23 256 [Calculator.java] [INFO] Calculator [Result - log] - 0.6931471805599453
13/Mar/2021:16:10:58 538 [Calculator.java] [ERROR] Calculator Factorial of -ve no is not possible!
13/Mar/2021:16:10:58 545 [Calculator.java] [INFO] Calculator [Fact] - 5
13/Mar/2021:16:10:58 545 [Calculator.java] [INFO] Calculator [RESULT - Fact] - 120
13/Mar/2021:16:10:58 546 [Calculator.java] [INFO] Calculator [Fact] - 6
13/Mar/2021:16:10:58 546 [Calculator.java] [INFO] Calculator [RESULT - Fact] - 720
13/Mar/2021:16:10:58 547 [Calculator.java] [INFO] Calculator [power] - 4,2
13/Mar/2021:16:10:58 550 [Calculator.java] [INFO] Calculator [Result - log] - 16.0
13/Mar/2021:16:10:58 551 [Calculator.java] [ERROR] Calculator Log of -ve no. is not possible!
13/Mar/2021:16:10:58 551 [Calculator.java] [ERROR] Calculator SQRT of -ve no. is not possible!
13/Mar/2021:16:10:58 552 [Calculator.java] [INFO] Calculator [SQRT] - 16
13/Mar/2021:16:10:58 553 [Calculator.java] [INFO] Calculator [Result - SQRT] - 4.0
13/Mar/2021:16:10:58 553 [Calculator.java] [INFO] Calculator [Log] - 2
13/Mar/2021:16:10:58 554 [Calculator.java] [INFO] Calculator [Result - log] - 0.6931471805599453
